# JRE version: Java(TM) SE Runtime Environment (7.0_65-b17) (build 1.7.0_65-b17)
# Java VM: OpenJDK 64-Bit Server VM (24.60-b08-internal-fastdebug mixed mode linux-amd64 compressed oops)
Heap
 PSYoungGen      total 33280K, used 22031K [0x00000000ec000000, 0x00000000ee300000, 0x0000000100000000)
  eden space 30720K, 63% used [0x00000000ec000000,0x00000000ed305660,0x00000000ede00000)
  from space 2560K, 99% used [0x00000000ee080000,0x00000000ee2fe820,0x00000000ee300000)
  to   space 2560K, 0% used [0x00000000ede00000,0x00000000ede00000,0x00000000ee080000)
 ParOldGen       total 40960K, used 4646K [0x00000000c4000000, 0x00000000c6800000, 0x00000000ec000000)
  object space 40960K, 11% used [0x00000000c4000000,0x00000000c4489a60,0x00000000c6800000)
 PSPermGen       total 21504K, used 17144K [0x00000000bee00000, 0x00000000c0300000, 0x00000000c4000000)
  object space 21504K, 79% used [0x00000000bee00000,0x00000000bfebe390,0x00000000c0300000)
GC Heap History (10 events):
Event: 1.436 GC heap before
{Heap before GC invocations=1 (full 0):
 PSYoungGen      total 17920K, used 15350K [0x00000000ec000000, 0x00000000ed400000, 0x0000000100000000)
  eden space 15360K, 99% used [0x00000000ec000000,0x00000000ecefd8f8,0x00000000ecf00000)
  from space 2560K, 0% used [0x00000000ed180000,0x00000000ed180000,0x00000000ed400000)
  to   space 2560K, 0% used [0x00000000ecf00000,0x00000000ecf00000,0x00000000ed180000)
 ParOldGen       total 40960K, used 0K [0x00000000c4000000, 0x00000000c6800000, 0x00000000ec000000)
  object space 40960K, 0% used [0x00000000c4000000,0x00000000c4000000,0x00000000c6800000)
 PSPermGen       total 21504K, used 8476K [0x00000000bee00000, 0x00000000c0300000, 0x00000000c4000000)
  object space 21504K, 39% used [0x00000000bee00000,0x00000000bf6471a8,0x00000000c0300000)
Event: 1.453 GC heap after
Heap after GC invocations=1 (full 0):
 PSYoungGen      total 17920K, used 2530K [0x00000000ec000000, 0x00000000ed400000, 0x0000000100000000)
  eden space 15360K, 0% used [0x00000000ec000000,0x00000000ec000000,0x00000000ecf00000)
  from space 2560K, 98% used [0x00000000ecf00000,0x00000000ed178a08,0x00000000ed180000)
  to   space 2560K, 0% used [0x00000000ed180000,0x00000000ed180000,0x00000000ed400000)
 ParOldGen       total 40960K, used 1172K [0x00000000c4000000, 0x00000000c6800000, 0x00000000ec000000)
  object space 40960K, 2% used [0x00000000c4000000,0x00000000c41250c8,0x00000000c6800000)
 PSPermGen       total 21504K, used 8476K [0x00000000bee00000, 0x00000000c0300000, 0x00000000c4000000)
  object space 21504K, 39% used [0x00000000bee00000,0x00000000bf6471a8,0x00000000c0300000)
}
Event: 1.532 GC heap before
{Heap before GC invocations=2 (full 0):
 PSYoungGen      total 17920K, used 3341K [0x00000000ec000000, 0x00000000ed400000, 0x0000000100000000)
  eden space 15360K, 5% used [0x00000000ec000000,0x00000000ec0cadc8,0x00000000ecf00000)
  from space 2560K, 98% used [0x00000000ecf00000,0x00000000ed178a08,0x00000000ed180000)
  to   space 2560K, 0% used [0x00000000ed180000,0x00000000ed180000,0x00000000ed400000)
 ParOldGen       total 40960K, used 1172K [0x00000000c4000000, 0x00000000c6800000, 0x00000000ec000000)
  object space 40960K, 2% used [0x00000000c4000000,0x00000000c41250c8,0x00000000c6800000)
 PSPermGen       total 21504K, used 9150K [0x00000000bee00000, 0x00000000c0300000, 0x00000000c4000000)
  object space 21504K, 42% used [0x00000000bee00000,0x00000000bf6efac0,0x00000000c0300000)
Event: 1.547 GC heap after
Heap after GC invocations=2 (full 0):
 PSYoungGen      total 17920K, used 2400K [0x00000000ec000000, 0x00000000ed400000, 0x0000000100000000)
  eden space 15360K, 0% used [0x00000000ec000000,0x00000000ec000000,0x00000000ecf00000)
  from space 2560K, 93% used [0x00000000ed180000,0x00000000ed3d8020,0x00000000ed400000)
  to   space 2560K, 0% used [0x00000000ecf00000,0x00000000ecf00000,0x00000000ed180000)
 ParOldGen       total 40960K, used 1172K [0x00000000c4000000, 0x00000000c6800000, 0x00000000ec000000)
  object space 40960K, 2% used [0x00000000c4000000,0x00000000c41250c8,0x00000000c6800000)
 PSPermGen       total 21504K, used 9150K [0x00000000bee00000, 0x00000000c0300000, 0x00000000c4000000)
  object space 21504K, 42% used [0x00000000bee00000,0x00000000bf6efac0,0x00000000c0300000)
}
Event: 1.547 GC heap before
{Heap before GC invocations=3 (full 1):
 PSYoungGen      total 17920K, used 2400K [0x00000000ec000000, 0x00000000ed400000, 0x0000000100000000)
  eden space 15360K, 0% used [0x00000000ec000000,0x00000000ec000000,0x00000000ecf00000)
  from space 2560K, 93% used [0x00000000ed180000,0x00000000ed3d8020,0x00000000ed400000)
  to   space 2560K, 0% used [0x00000000ecf00000,0x00000000ecf00000,0x00000000ed180000)
 ParOldGen       total 40960K, used 1172K [0x00000000c4000000, 0x00000000c6800000, 0x00000000ec000000)
  object space 40960K, 2% used [0x00000000c4000000,0x00000000c41250c8,0x00000000c6800000)
 PSPermGen       total 21504K, used 9150K [0x00000000bee00000, 0x00000000c0300000, 0x00000000c4000000)
  object space 21504K, 42% used [0x00000000bee00000,0x00000000bf6efac0,0x00000000c0300000)
Event: 1.640 GC heap after
Heap after GC invocations=3 (full 1):
 PSYoungGen      total 17920K, used 0K [0x00000000ec000000, 0x00000000ed400000, 0x0000000100000000)
  eden space 15360K, 0% used [0x00000000ec000000,0x00000000ec000000,0x00000000ecf00000)
  from space 2560K, 0% used [0x00000000ed180000,0x00000000ed180000,0x00000000ed400000)
  to   space 2560K, 0% used [0x00000000ecf00000,0x00000000ecf00000,0x00000000ed180000)
 ParOldGen       total 40960K, used 2355K [0x00000000c4000000, 0x00000000c6800000, 0x00000000ec000000)
  object space 40960K, 5% used [0x00000000c4000000,0x00000000c424cee0,0x00000000c6800000)
 PSPermGen       total 21504K, used 9148K [0x00000000bee00000, 0x00000000c0300000, 0x00000000c4000000)
  object space 21504K, 42% used [0x00000000bee00000,0x00000000bf6ef258,0x00000000c0300000)
}
Event: 2.208 GC heap before
{Heap before GC invocations=4 (full 1):
 PSYoungGen      total 17920K, used 15360K [0x00000000ec000000, 0x00000000ed400000, 0x0000000100000000)
  eden space 15360K, 100% used [0x00000000ec000000,0x00000000ecf00000,0x00000000ecf00000)
  from space 2560K, 0% used [0x00000000ed180000,0x00000000ed180000,0x00000000ed400000)
  to   space 2560K, 0% used [0x00000000ecf00000,0x00000000ecf00000,0x00000000ed180000)
 ParOldGen       total 40960K, used 2355K [0x00000000c4000000, 0x00000000c6800000, 0x00000000ec000000)
  object space 40960K, 5% used [0x00000000c4000000,0x00000000c424cee0,0x00000000c6800000)
 PSPermGen       total 21504K, used 11473K [0x00000000bee00000, 0x00000000c0300000, 0x00000000c4000000)
  object space 21504K, 53% used [0x00000000bee00000,0x00000000bf9347f8,0x00000000c0300000)
Event: 2.228 GC heap after
Heap after GC invocations=4 (full 1):
 PSYoungGen      total 17920K, used 2282K [0x00000000ec000000, 0x00000000ee300000, 0x0000000100000000)
  eden space 15360K, 0% used [0x00000000ec000000,0x00000000ec000000,0x00000000ecf00000)
  from space 2560K, 89% used [0x00000000ecf00000,0x00000000ed13a830,0x00000000ed180000)
  to   space 2560K, 0% used [0x00000000ee080000,0x00000000ee080000,0x00000000ee300000)
 ParOldGen       total 40960K, used 2363K [0x00000000c4000000, 0x00000000c6800000, 0x00000000ec000000)
  object space 40960K, 5% used [0x00000000c4000000,0x00000000c424eee0,0x00000000c6800000)
 PSPermGen       total 21504K, used 11473K [0x00000000bee00000, 0x00000000c0300000, 0x00000000c4000000)
  object space 21504K, 53% used [0x00000000bee00000,0x00000000bf9347f8,0x00000000c0300000)
}
Event: 3.314 GC heap before
{Heap before GC invocations=5 (full 1):
 PSYoungGen      total 17920K, used 17642K [0x00000000ec000000, 0x00000000ee300000, 0x0000000100000000)
  eden space 15360K, 100% used [0x00000000ec000000,0x00000000ecf00000,0x00000000ecf00000)
  from space 2560K, 89% used [0x00000000ecf00000,0x00000000ed13a830,0x00000000ed180000)
  to   space 2560K, 0% used [0x00000000ee080000,0x00000000ee080000,0x00000000ee300000)
 ParOldGen       total 40960K, used 2363K [0x00000000c4000000, 0x00000000c6800000, 0x00000000ec000000)
  object space 40960K, 5% used [0x00000000c4000000,0x00000000c424eee0,0x00000000c6800000)
 PSPermGen       total 21504K, used 15996K [0x00000000bee00000, 0x00000000c0300000, 0x00000000c4000000)
  object space 21504K, 74% used [0x00000000bee00000,0x00000000bfd9f3c0,0x00000000c0300000)
Event: 3.335 GC heap after
Heap after GC invocations=5 (full 1):
 PSYoungGen      total 33280K, used 2554K [0x00000000ec000000, 0x00000000ee300000, 0x0000000100000000)
  eden space 30720K, 0% used [0x00000000ec000000,0x00000000ec000000,0x00000000ede00000)
  from space 2560K, 99% used [0x00000000ee080000,0x00000000ee2fe820,0x00000000ee300000)
  to   space 2560K, 0% used [0x00000000ede00000,0x00000000ede00000,0x00000000ee080000)
 ParOldGen       total 40960K, used 4646K [0x00000000c4000000, 0x00000000c6800000, 0x00000000ec000000)
  object space 40960K, 11% used [0x00000000c4000000,0x00000000c4489a60,0x00000000c6800000)
 PSPermGen       total 21504K, used 15996K [0x00000000bee00000, 0x00000000c0300000, 0x00000000c4000000)
  object space 21504K, 74% used [0x00000000bee00000,0x00000000bfd9f3c0,0x00000000c0300000)
}

