# JRE version: Java(TM) SE Runtime Environment (7.0_67-b01) (build 1.7.0_67-b01)
# Java VM: OpenJDK 64-Bit Server VM (24.60-b08-internal-fastdebug mixed mode linux-amd64 compressed oops)
Heap
 PSYoungGen      total 55808K, used 14772K [0x00000007c2000000, 0x00000007c8d00000, 0x0000000800000000)
  eden space 48128K, 14% used [0x00000007c2000000,0x00000007c26edd00,0x00000007c4f00000)
  from space 7680K, 99% used [0x00000007c5680000,0x00000007c5dff528,0x00000007c5e00000)
  to   space 7680K, 0% used [0x00000007c4f00000,0x00000007c4f00000,0x00000007c5680000)
 ParOldGen       total 126976K, used 5743K [0x0000000746000000, 0x000000074dc00000, 0x00000007c2000000)
  object space 126976K, 4% used [0x0000000746000000,0x000000074659bc20,0x000000074dc00000)
 PSPermGen       total 21504K, used 17133K [0x0000000740e00000, 0x0000000742300000, 0x0000000746000000)
  object space 21504K, 79% used [0x0000000740e00000,0x0000000741ebb500,0x0000000742300000)
GC Heap History (6 events):
Event: 1.198 GC heap before
{Heap before GC invocations=1 (full 0):
 PSYoungGen      total 55808K, used 16456K [0x00000007c2000000, 0x00000007c5e00000, 0x0000000800000000)
  eden space 48128K, 34% used [0x00000007c2000000,0x00000007c30121e8,0x00000007c4f00000)
  from space 7680K, 0% used [0x00000007c5680000,0x00000007c5680000,0x00000007c5e00000)
  to   space 7680K, 0% used [0x00000007c4f00000,0x00000007c4f00000,0x00000007c5680000)
 ParOldGen       total 126976K, used 0K [0x0000000746000000, 0x000000074dc00000, 0x00000007c2000000)
  object space 126976K, 0% used [0x0000000746000000,0x0000000746000000,0x000000074dc00000)
 PSPermGen       total 21504K, used 9153K [0x0000000740e00000, 0x0000000742300000, 0x0000000746000000)
  object space 21504K, 42% used [0x0000000740e00000,0x00000007416f04f8,0x0000000742300000)
Event: 1.212 GC heap after
Heap after GC invocations=1 (full 0):
 PSYoungGen      total 55808K, used 3915K [0x00000007c2000000, 0x00000007c5e00000, 0x0000000800000000)
  eden space 48128K, 0% used [0x00000007c2000000,0x00000007c2000000,0x00000007c4f00000)
  from space 7680K, 50% used [0x00000007c4f00000,0x00000007c52d2c68,0x00000007c5680000)
  to   space 7680K, 0% used [0x00000007c5680000,0x00000007c5680000,0x00000007c5e00000)
 ParOldGen       total 126976K, used 72K [0x0000000746000000, 0x000000074dc00000, 0x00000007c2000000)
  object space 126976K, 0% used [0x0000000746000000,0x0000000746012010,0x000000074dc00000)
 PSPermGen       total 21504K, used 9153K [0x0000000740e00000, 0x0000000742300000, 0x0000000746000000)
  object space 21504K, 42% used [0x0000000740e00000,0x00000007416f04f8,0x0000000742300000)
}
Event: 1.212 GC heap before
{Heap before GC invocations=2 (full 1):
 PSYoungGen      total 55808K, used 3915K [0x00000007c2000000, 0x00000007c5e00000, 0x0000000800000000)
  eden space 48128K, 0% used [0x00000007c2000000,0x00000007c2000000,0x00000007c4f00000)
  from space 7680K, 50% used [0x00000007c4f00000,0x00000007c52d2c68,0x00000007c5680000)
  to   space 7680K, 0% used [0x00000007c5680000,0x00000007c5680000,0x00000007c5e00000)
 ParOldGen       total 126976K, used 72K [0x0000000746000000, 0x000000074dc00000, 0x00000007c2000000)
  object space 126976K, 0% used [0x0000000746000000,0x0000000746012010,0x000000074dc00000)
 PSPermGen       total 21504K, used 9153K [0x0000000740e00000, 0x0000000742300000, 0x0000000746000000)
  object space 21504K, 42% used [0x0000000740e00000,0x00000007416f04f8,0x0000000742300000)
Event: 1.285 GC heap after
Heap after GC invocations=2 (full 1):
 PSYoungGen      total 55808K, used 0K [0x00000007c2000000, 0x00000007c5e00000, 0x0000000800000000)
  eden space 48128K, 0% used [0x00000007c2000000,0x00000007c2000000,0x00000007c4f00000)
  from space 7680K, 0% used [0x00000007c4f00000,0x00000007c4f00000,0x00000007c5680000)
  to   space 7680K, 0% used [0x00000007c5680000,0x00000007c5680000,0x00000007c5e00000)
 ParOldGen       total 126976K, used 3752K [0x0000000746000000, 0x000000074dc00000, 0x00000007c2000000)
  object space 126976K, 2% used [0x0000000746000000,0x00000007463aa2c0,0x000000074dc00000)
 PSPermGen       total 21504K, used 9151K [0x0000000740e00000, 0x0000000742300000, 0x0000000746000000)
  object space 21504K, 42% used [0x0000000740e00000,0x00000007416efc90,0x0000000742300000)
}
Event: 3.113 GC heap before
{Heap before GC invocations=3 (full 1):
 PSYoungGen      total 55808K, used 48128K [0x00000007c2000000, 0x00000007c5e00000, 0x0000000800000000)
  eden space 48128K, 100% used [0x00000007c2000000,0x00000007c4f00000,0x00000007c4f00000)
  from space 7680K, 0% used [0x00000007c4f00000,0x00000007c4f00000,0x00000007c5680000)
  to   space 7680K, 0% used [0x00000007c5680000,0x00000007c5680000,0x00000007c5e00000)
 ParOldGen       total 126976K, used 3752K [0x0000000746000000, 0x000000074dc00000, 0x00000007c2000000)
  object space 126976K, 2% used [0x0000000746000000,0x00000007463aa2c0,0x000000074dc00000)
 PSPermGen       total 21504K, used 16994K [0x0000000740e00000, 0x0000000742300000, 0x0000000746000000)
  object space 21504K, 79% used [0x0000000740e00000,0x0000000741e98990,0x0000000742300000)
Event: 3.159 GC heap after
Heap after GC invocations=3 (full 1):
 PSYoungGen      total 55808K, used 7677K [0x00000007c2000000, 0x00000007c8d00000, 0x0000000800000000)
  eden space 48128K, 0% used [0x00000007c2000000,0x00000007c2000000,0x00000007c4f00000)
  from space 7680K, 99% used [0x00000007c5680000,0x00000007c5dff528,0x00000007c5e00000)
  to   space 7680K, 0% used [0x00000007c4f00000,0x00000007c4f00000,0x00000007c5680000)
 ParOldGen       total 126976K, used 5743K [0x0000000746000000, 0x000000074dc00000, 0x00000007c2000000)
  object space 126976K, 4% used [0x0000000746000000,0x000000074659bc20,0x000000074dc00000)
 PSPermGen       total 21504K, used 16994K [0x0000000740e00000, 0x0000000742300000, 0x0000000746000000)
  object space 21504K, 79% used [0x0000000740e00000,0x0000000741e98990,0x0000000742300000)
}

